Using pre-set license
Built from '2021.3/staging' branch; Version is '2021.3.5f1 (40eb3a945986) revision 4254522'; Using compiler version '192829333'; Build Type 'Release'
OS: 'Windows 11  (10.0.22000) 64bit Core' Language: 'en' Physical Memory: 7858 MB
BatchMode: 1, IsHumanControllingUs: 0, StartBugReporterOnCrash: 0, Is64bit: 1, IsPro: 1

COMMAND LINE ARGUMENTS:
C:\Program Files\Unity\Hub\Editor\2021.3.5f1\Editor\Unity.exe
-adb2
-batchMode
-noUpm
-name
AssetImportWorker0
-projectPath
C:/Users/meyer/Downloads/bridge game(1)/Bridge Game
-logFile
Logs/AssetImportWorker0.log
-srvPort
49784
Successfully changed project path to: C:/Users/meyer/Downloads/bridge game(1)/Bridge Game
C:/Users/meyer/Downloads/bridge game(1)/Bridge Game
[UnityMemory] Configuration Parameters - Can be set up in boot.config
    "memorysetup-bucket-allocator-granularity=16"
    "memorysetup-bucket-allocator-bucket-count=8"
    "memorysetup-bucket-allocator-block-size=33554432"
    "memorysetup-bucket-allocator-block-count=8"
    "memorysetup-main-allocator-block-size=16777216"
    "memorysetup-thread-allocator-block-size=16777216"
    "memorysetup-gfx-main-allocator-block-size=16777216"
    "memorysetup-gfx-thread-allocator-block-size=16777216"
    "memorysetup-cache-allocator-block-size=4194304"
    "memorysetup-typetree-allocator-block-size=2097152"
    "memorysetup-profiler-bucket-allocator-granularity=16"
    "memorysetup-profiler-bucket-allocator-bucket-count=8"
    "memorysetup-profiler-bucket-allocator-block-size=33554432"
    "memorysetup-profiler-bucket-allocator-block-count=8"
    "memorysetup-profiler-allocator-block-size=16777216"
    "memorysetup-profiler-editor-allocator-block-size=1048576"
    "memorysetup-temp-allocator-size-main=16777216"
    "memorysetup-job-temp-allocator-block-size=2097152"
    "memorysetup-job-temp-allocator-block-size-background=1048576"
    "memorysetup-job-temp-allocator-reduction-small-platforms=262144"
    "memorysetup-temp-allocator-size-background-worker=32768"
    "memorysetup-temp-allocator-size-job-worker=262144"
    "memorysetup-temp-allocator-size-preload-manager=33554432"
    "memorysetup-temp-allocator-size-nav-mesh-worker=65536"
    "memorysetup-temp-allocator-size-audio-worker=65536"
    "memorysetup-temp-allocator-size-cloud-worker=32768"
    "memorysetup-temp-allocator-size-gi-baking-worker=262144"
    "memorysetup-temp-allocator-size-gfx=262144"
Refreshing native plugins compatible for Editor in 166.16 ms, found 2 plugins.
Preloading 0 native plugins for Editor in 0.00 ms.
Initialize engine version: 2021.3.5f1 (40eb3a945986)
[Subsystems] Discovering subsystems at path C:/Program Files/Unity/Hub/Editor/2021.3.5f1/Editor/Data/Resources/UnitySubsystems
[Subsystems] Discovering subsystems at path C:/Users/meyer/Downloads/bridge game(1)/Bridge Game/Assets
GfxDevice: creating device client; threaded=0; jobified=0
Direct3D:
    Version:  Direct3D 11.0 [level 11.1]
    Renderer: Intel(R) UHD Graphics (ID=0x8a56)
    Vendor:   Intel
    VRAM:     3929 MB
    Driver:   30.0.100.9955
Initialize mono
Mono path[0] = 'C:/Program Files/Unity/Hub/Editor/2021.3.5f1/Editor/Data/Managed'
Mono path[1] = 'C:/Program Files/Unity/Hub/Editor/2021.3.5f1/Editor/Data/MonoBleedingEdge/lib/mono/unityjit-win32'
Mono config path = 'C:/Program Files/Unity/Hub/Editor/2021.3.5f1/Editor/Data/MonoBleedingEdge/etc'
Using monoOptions --debugger-agent=transport=dt_socket,embedding=1,server=y,suspend=n,address=127.0.0.1:56180
Begin MonoManager ReloadAssembly
Registering precompiled unity dll's ...
Register platform support module: C:/Program Files/Unity/Hub/Editor/2021.3.5f1/Editor/Data/PlaybackEngines/WebGLSupport/UnityEditor.WebGL.Extensions.dll
Register platform support module: C:/Program Files/Unity/Hub/Editor/2021.3.5f1/Editor/Data/PlaybackEngines/WindowsStandaloneSupport/UnityEditor.WindowsStandalone.Extensions.dll
Registered in 0.037674 seconds.
Native extension for WindowsStandalone target not found
Native extension for WebGL target not found
Refreshing native plugins compatible for Editor in 410.69 ms, found 2 plugins.
Preloading 0 native plugins for Editor in 0.00 ms.
Mono: successfully reloaded assembly
- Completed reload, in 10.449 seconds
Domain Reload Profiling:
	ReloadAssembly (10451ms)
		BeginReloadAssembly (454ms)
			ExecutionOrderSort (0ms)
			DisableScriptedObjects (0ms)
			BackupInstance (0ms)
			ReleaseScriptingObjects (0ms)
			CreateAndSetChildDomain (3ms)
		EndReloadAssembly (9255ms)
			LoadAssemblies (445ms)
			RebuildTransferFunctionScriptingTraits (0ms)
			SetupTypeCache (1338ms)
			ReleaseScriptCaches (0ms)
			RebuildScriptCaches (1727ms)
			SetupLoadedEditorAssemblies (2927ms)
				LogAssemblyErrors (0ms)
				InitializePlatformSupportModulesInManaged (90ms)
				SetLoadedEditorAssemblies (1ms)
				RefreshPlugins (424ms)
				BeforeProcessingInitializeOnLoad (28ms)
				ProcessInitializeOnLoadAttributes (1915ms)
				ProcessInitializeOnLoadMethodAttributes (468ms)
				AfterProcessingInitializeOnLoad (0ms)
				EditorAssembliesLoaded (1ms)
			ExecutionOrderSort2 (0ms)
			AwakeInstancesAfterBackupRestoration (0ms)
Platform modules already initialized, skipping
Registering precompiled user dll's ...
Registered in 0.073807 seconds.
Begin MonoManager ReloadAssembly
Native extension for WindowsStandalone target not found
Native extension for WebGL target not found
Refreshing native plugins compatible for Editor in 0.99 ms, found 2 plugins.
Preloading 0 native plugins for Editor in 0.00 ms.
Mono: successfully reloaded assembly
- Completed reload, in  6.834 seconds
Domain Reload Profiling:
	ReloadAssembly (6837ms)
		BeginReloadAssembly (1300ms)
			ExecutionOrderSort (0ms)
			DisableScriptedObjects (48ms)
			BackupInstance (0ms)
			ReleaseScriptingObjects (0ms)
			CreateAndSetChildDomain (212ms)
		EndReloadAssembly (4636ms)
			LoadAssemblies (1014ms)
			RebuildTransferFunctionScriptingTraits (0ms)
			SetupTypeCache (1201ms)
			ReleaseScriptCaches (1ms)
			RebuildScriptCaches (275ms)
			SetupLoadedEditorAssemblies (2409ms)
				LogAssemblyErrors (0ms)
				InitializePlatformSupportModulesInManaged (96ms)
				SetLoadedEditorAssemblies (3ms)
				RefreshPlugins (1ms)
				BeforeProcessingInitializeOnLoad (414ms)
				ProcessInitializeOnLoadAttributes (1488ms)
				ProcessInitializeOnLoadMethodAttributes (262ms)
				AfterProcessingInitializeOnLoad (144ms)
				EditorAssembliesLoaded (2ms)
			ExecutionOrderSort2 (0ms)
			AwakeInstancesAfterBackupRestoration (42ms)
Platform modules already initialized, skipping
========================================================================
Worker process is ready to serve import requests
Launched and connected shader compiler UnityShaderCompiler.exe after 0.25 seconds
Refreshing native plugins compatible for Editor in 1.19 ms, found 2 plugins.
Preloading 0 native plugins for Editor in 0.00 ms.
Unloading 1677 Unused Serialized files (Serialized files now loaded: 0)
Unloading 19 unused Assets / (47.5 KB). Loaded Objects now: 2142.
Memory consumption went from 72.0 MB to 72.0 MB.
Total: 6.887100 ms (FindLiveObjects: 0.600500 ms CreateObjectMapping: 0.357200 ms MarkObjects: 5.730400 ms  DeleteObjects: 0.194500 ms)

AssetImportParameters requested are different than current active one (requested -> active):
  custom:video-decoder-ogg-theora: a1e56fd34408186e4bbccfd4996cb3dc -> 
  custom:container-muxer-webm: aa71ff27fc2769a1b78a27578f13a17b -> 
  custom:container-demuxer-webm: 4f35f7cbe854078d1ac9338744f61a02 -> 
  custom:video-encoder-webm-vp8: eb34c28f22e8b96e1ab97ce403110664 -> 
  custom:audio-encoder-webm-vorbis: bf7c407c2cedff20999df2af8eb42d56 -> 
  custom:framework-win-MediaFoundation: 216162199b28c13a410421893ffa2e32 -> 
  custom:container-demuxer-ogg: 62fdf1f143b41e24485cea50d1cbac27 -> 
  custom:video-decoder-webm-vp8: 9c59270c3fd7afecdb556c50c9e8de78 -> 
  custom:audio-decoder-ogg-vorbis: bf7c407c2cedff20999df2af8eb42d56 -> 
========================================================================
Received Import Request.
  Time since last request: 262677.168942 seconds.
  path: Assets/Prefabs/Steel Beam Prefab.prefab
  artifactKey: Guid(392bb8471b3f851418de8a88b498d10e) Importer(815301076,1909f56bfc062723c751e8b465ee728b)
Start importing Assets/Prefabs/Steel Beam Prefab.prefab using Guid(392bb8471b3f851418de8a88b498d10e) Importer(815301076,1909f56bfc062723c751e8b465ee728b)  -> (artifact id: '97674a4133732b184f591711ccda09d0') in 0.814501 seconds 
========================================================================
Received Import Request.
  Time since last request: 0.000047 seconds.
  path: Assets/Prefabs/Wood Prefab.prefab
  artifactKey: Guid(157b7494a5f7d4849badb2558d9c5946) Importer(815301076,1909f56bfc062723c751e8b465ee728b)
Start importing Assets/Prefabs/Wood Prefab.prefab using Guid(157b7494a5f7d4849badb2558d9c5946) Importer(815301076,1909f56bfc062723c751e8b465ee728b)  -> (artifact id: '072c362cb5e574c9bbd9d8c252f8f59c') in 0.175426 seconds 
========================================================================
Received Import Request.
  Time since last request: 0.000604 seconds.
  path: Assets/scripts/ElementButton.cs
  artifactKey: Guid(c467579726cf10040804dc07865167e8) Importer(815301076,1909f56bfc062723c751e8b465ee728b)
Start importing Assets/scripts/ElementButton.cs using Guid(c467579726cf10040804dc07865167e8) Importer(815301076,1909f56bfc062723c751e8b465ee728b)  -> (artifact id: 'ec4b065921df769dd02d05bd52ea2cf9') in 0.082433 seconds 
========================================================================
Received Import Request.
  Time since last request: 0.001609 seconds.
  path: Assets/Prefabs/Steel Prefab.prefab
  artifactKey: Guid(46b9be40cc972714ea70863da33592e9) Importer(815301076,1909f56bfc062723c751e8b465ee728b)
Start importing Assets/Prefabs/Steel Prefab.prefab using Guid(46b9be40cc972714ea70863da33592e9) Importer(815301076,1909f56bfc062723c751e8b465ee728b)  -> (artifact id: '267ea2cd3cf5e9f323da8a562d8883cd') in 0.098187 seconds 
========================================================================
Received Import Request.
  Time since last request: 0.001074 seconds.
  path: Assets/Prefabs/Stone Prefab.prefab
  artifactKey: Guid(c63aed0695861d3479cf3c8721e6a6f9) Importer(815301076,1909f56bfc062723c751e8b465ee728b)
Start importing Assets/Prefabs/Stone Prefab.prefab using Guid(c63aed0695861d3479cf3c8721e6a6f9) Importer(815301076,1909f56bfc062723c751e8b465ee728b)  -> (artifact id: 'efcb41fec1579b44d7e74182a197e58b') in 0.151994 seconds 
========================================================================
Received Import Request.
  Time since last request: 0.001847 seconds.
  path: Assets/Prefabs/Plastic.prefab
  artifactKey: Guid(468627db78927e242867e50c233739a9) Importer(815301076,1909f56bfc062723c751e8b465ee728b)
Start importing Assets/Prefabs/Plastic.prefab using Guid(468627db78927e242867e50c233739a9) Importer(815301076,1909f56bfc062723c751e8b465ee728b)  -> (artifact id: '722e3cd0c7fb7aeed871862bd5b14305') in 0.085776 seconds 
========================================================================
Received Import Request.
  Time since last request: 12.734415 seconds.
  path: Assets/scripts/BuildingElementScript.cs
  artifactKey: Guid(684164c33f962e546807661ad544cf0a) Importer(815301076,1909f56bfc062723c751e8b465ee728b)
Start importing Assets/scripts/BuildingElementScript.cs using Guid(684164c33f962e546807661ad544cf0a) Importer(815301076,1909f56bfc062723c751e8b465ee728b)  -> (artifact id: '1ab9beb52007606f545856a08389610f') in 0.114828 seconds 
========================================================================
Received Prepare
Registering precompiled user dll's ...
Registered in 0.018319 seconds.
Begin MonoManager ReloadAssembly
Native extension for WindowsStandalone target not found
Native extension for WebGL target not found
Refreshing native plugins compatible for Editor in 0.95 ms, found 2 plugins.
Preloading 0 native plugins for Editor in 0.00 ms.
Mono: successfully reloaded assembly
- Completed reload, in  2.214 seconds
Domain Reload Profiling:
	ReloadAssembly (2217ms)
		BeginReloadAssembly (662ms)
			ExecutionOrderSort (1ms)
			DisableScriptedObjects (63ms)
			BackupInstance (0ms)
			ReleaseScriptingObjects (0ms)
			CreateAndSetChildDomain (167ms)
		EndReloadAssembly (1287ms)
			LoadAssemblies (358ms)
			RebuildTransferFunctionScriptingTraits (1ms)
			SetupTypeCache (403ms)
			ReleaseScriptCaches (3ms)
			RebuildScriptCaches (95ms)
			SetupLoadedEditorAssemblies (570ms)
				LogAssemblyErrors (0ms)
				InitializePlatformSupportModulesInManaged (24ms)
				SetLoadedEditorAssemblies (1ms)
				RefreshPlugins (1ms)
				BeforeProcessingInitializeOnLoad (93ms)
				ProcessInitializeOnLoadAttributes (391ms)
				ProcessInitializeOnLoadMethodAttributes (47ms)
				AfterProcessingInitializeOnLoad (12ms)
				EditorAssembliesLoaded (0ms)
			ExecutionOrderSort2 (0ms)
			AwakeInstancesAfterBackupRestoration (11ms)
Platform modules already initialized, skipping
Refreshing native plugins compatible for Editor in 1.56 ms, found 2 plugins.
Preloading 0 native plugins for Editor in 0.00 ms.
Unloading 1672 Unused Serialized files (Serialized files now loaded: 0)
Unloading 12 unused Assets / (31.8 KB). Loaded Objects now: 2152.
Memory consumption went from 75.9 MB to 75.9 MB.
Total: 6.869100 ms (FindLiveObjects: 0.139100 ms CreateObjectMapping: 0.063100 ms MarkObjects: 6.467500 ms  DeleteObjects: 0.196700 ms)

AssetImportParameters requested are different than current active one (requested -> active):
  custom:video-decoder-ogg-theora: a1e56fd34408186e4bbccfd4996cb3dc -> 
  custom:container-muxer-webm: aa71ff27fc2769a1b78a27578f13a17b -> 
  custom:container-demuxer-webm: 4f35f7cbe854078d1ac9338744f61a02 -> 
  custom:video-encoder-webm-vp8: eb34c28f22e8b96e1ab97ce403110664 -> 
  custom:audio-encoder-webm-vorbis: bf7c407c2cedff20999df2af8eb42d56 -> 
  custom:framework-win-MediaFoundation: 216162199b28c13a410421893ffa2e32 -> 
  custom:container-demuxer-ogg: 62fdf1f143b41e24485cea50d1cbac27 -> 
  custom:video-decoder-webm-vp8: 9c59270c3fd7afecdb556c50c9e8de78 -> 
  custom:audio-decoder-ogg-vorbis: bf7c407c2cedff20999df2af8eb42d56 -> 
